yarn run v1.19.2
warning package.json: No license field
$ webpack-dev-server --mode development --hot --port 8088 --output-public-path js --contentBase public --disableHostCheck
BRANCH=undefined
[31m✖[39m [90m｢wds｣[39m:  { Error: listen EADDRINUSE: address already in use 127.0.0.1:8088
    at Server.setupListenHandle [as _listen2] (net.js:1259:14)
    at listenInCluster (net.js:1307:12)
    at GetAddrInfoReqWrap.doListen [as callback] (net.js:1446:7)
    at GetAddrInfoReqWrap.onlookup [as oncomplete] (dns.js:63:10)
  code: 'EADDRINUSE',
  errno: 'EADDRINUSE',
  syscall: 'listen',
  address: '127.0.0.1',
  port: 8088 }
[BABEL] Note: The code generator has deoptimised the styling of /Users/rsnyder/projects/visual-essays/client-lib/node_modules/lodash/lodash.js as it exceeds the max of 500KB.
[BABEL] Note: The code generator has deoptimised the styling of /Users/rsnyder/projects/visual-essays/client-lib/node_modules/vue-scrollmagic/dist/vue-scrollmagic.common.js as it exceeds the max of 500KB.
[34mℹ[39m [90m｢wdm｣[39m: Hash: 026a559a5ebadee43336
Version: webpack 4.44.2
Time: 3824ms
Built at: 12/06/2020 9:08:50 AM
           Asset      Size         Chunks             Chunk Names
visual-essays.js  2.15 MiB  visual-essays  [emitted]  visual-essays
Entrypoint visual-essays = visual-essays.js
[0] multi (webpack)-dev-server/client?http://localhost:8088 (webpack)/hot/dev-server.js ./main.js 52 bytes {visual-essays} [built]
[./App.vue] 1.22 KiB {visual-essays} [built]
[./main.js] 15 KiB {visual-essays} [built]
[./node_modules/http-vue-loader/src/httpVueLoader.js] 10.8 KiB {visual-essays} [built]
[./node_modules/lodash/lodash.js] 468 KiB {visual-essays} [built]
[./node_modules/mobile-detect/mobile-detect.js] 65.6 KiB {visual-essays} [built]
[./node_modules/vue-analytics/dist/vue-analytics.js] 22.9 KiB {visual-essays} [built]
[./node_modules/vue-js-modal/dist/index.js] 57.6 KiB {visual-essays} [built]
[./node_modules/vue-scrollmagic/dist/vue-scrollmagic.common.js] 599 KiB {visual-essays} [built]
[./node_modules/vue-youtube/dist/vue-youtube.js] 6.46 KiB {visual-essays} [built]
[./node_modules/vue/dist/vue.esm.js] 312 KiB {visual-essays} [built]
[./node_modules/webpack-dev-server/client/index.js?http://localhost:8088] (webpack)-dev-server/client?http://localhost:8088 4.29 KiB {visual-essays} [built]
[./node_modules/webpack-dev-server/client/overlay.js] (webpack)-dev-server/client/overlay.js 3.51 KiB {visual-essays} [built]
[./node_modules/webpack-dev-server/client/socket.js] (webpack)-dev-server/client/socket.js 1.53 KiB {visual-essays} [built]
[./node_modules/webpack/hot/dev-server.js] (webpack)/hot/dev-server.js 1.63 KiB {visual-essays} [built]
    + 63 hidden modules
[34mℹ[39m [90m｢wdm｣[39m: Compiled successfully.
